2026-01-31 21:20:06,216 - INFO - Starting 15m RSI Compass Monitor...
2026-01-31 21:20:06,216 - INFO - Starting 5m Dead Pulse Monitor...
2026-01-31 21:20:06,726 - INFO - 15m Signal: SELL
2026-01-31 21:30:07,382 - ERROR - Too many visits. Exceeded the API Rate Limit. (ErrCode: 10006). Hit the API rate limit. Sleeping, then trying again. Request: https://api.bybit.com/v5/market/kline
2026-01-31 21:30:07,384 - ERROR - Bybit API Error (15m): 'x-bapi-limit-reset-timestamp'
2026-01-31 22:16:44,009 - INFO - 15m Signal: SELL
2026-01-31 22:30:45,760 - INFO - 15m Signal: SELL
2026-01-31 22:46:47,551 - INFO - 15m Signal: SELL
2026-01-31 23:30:51,352 - INFO - 15m Signal: SELL
2026-02-01 02:15:04,662 - INFO - 15m Signal: SELL
2026-02-01 02:28:11,137 - ERROR - Too many visits. Exceeded the API Rate Limit. (ErrCode: 10006). Hit the API rate limit. Sleeping, then trying again. Request: https://api.bybit.com/v5/market/kline
2026-02-01 02:28:11,139 - ERROR - Bybit API Error (5m): 'x-bapi-limit-reset-timestamp'
2026-02-01 02:59:07,911 - ERROR - Too many visits. Exceeded the API Rate Limit. (ErrCode: 10006). Hit the API rate limit. Sleeping, then trying again. Request: https://api.bybit.com/v5/market/kline
2026-02-01 02:59:07,913 - ERROR - Bybit API Error (15m): 'x-bapi-limit-reset-timestamp'
2026-02-01 03:45:42,130 - INFO - 15m Signal: SELL
2026-02-01 10:17:57,088 - ERROR - Bybit API Error (5m): ('Connection aborted.', RemoteDisconnected('Remote end closed connection without response'))
2026-02-01 10:38:20,977 - ERROR - Bybit API Error (15m): ('Connection aborted.', RemoteDisconnected('Remote end closed connection without response'))
2026-02-01 10:39:22,423 - ERROR - Bybit API Error (5m): HTTPSConnectionPool(host='api.bybit.com', port=443): Max retries exceeded with url: /v5/market/kline?category=linear&interval=5&limit=10&symbol=1000PEPEUSDT (Caused by NameResolutionError("<urllib3.connection.HTTPSConnection object at 0x10bd050d0>: Failed to resolve 'api.bybit.com' ([Errno 8] nodename nor servname provided, or not known)"))
2026-02-01 10:51:35,029 - ERROR - Bybit API Error (5m): HTTPSConnectionPool(host='api.bybit.com', port=443): Max retries exceeded with url: /v5/market/kline?category=linear&interval=5&limit=10&symbol=1000PEPEUSDT (Caused by NameResolutionError("<urllib3.connection.HTTPSConnection object at 0x10bd04680>: Failed to resolve 'api.bybit.com' ([Errno 8] nodename nor servname provided, or not known)"))
2026-02-01 10:52:32,326 - ERROR - Bybit API Error (15m): HTTPSConnectionPool(host='api.bybit.com', port=443): Max retries exceeded with url: /v5/market/kline?category=linear&interval=15&limit=250&symbol=1000PEPEUSDT (Caused by NameResolutionError("<urllib3.connection.HTTPSConnection object at 0x10bd06630>: Failed to resolve 'api.bybit.com' ([Errno 8] nodename nor servname provided, or not known)"))
2026-02-01 10:53:19,544 - ERROR - Bybit API Error (5m): HTTPSConnectionPool(host='api.bybit.com', port=443): Max retries exceeded with url: /v5/market/kline?category=linear&interval=5&limit=10&symbol=1000PEPEUSDT (Caused by NameResolutionError("<urllib3.connection.HTTPSConnection object at 0x10bd045c0>: Failed to resolve 'api.bybit.com' ([Errno 8] nodename nor servname provided, or not known)"))
2026-02-01 10:54:20,982 - ERROR - Bybit API Error (5m): HTTPSConnectionPool(host='api.bybit.com', port=443): Max retries exceeded with url: /v5/market/kline?category=linear&interval=5&limit=10&symbol=1000PEPEUSDT (Caused by NameResolutionError("<urllib3.connection.HTTPSConnection object at 0x10bd07230>: Failed to resolve 'api.bybit.com' ([Errno 8] nodename nor servname provided, or not known)"))
2026-02-01 10:55:23,728 - ERROR - Bybit API Error (5m): HTTPSConnectionPool(host='api.bybit.com', port=443): Max retries exceeded with url: /v5/market/kline?category=linear&interval=5&limit=10&symbol=1000PEPEUSDT (Caused by NameResolutionError("<urllib3.connection.HTTPSConnection object at 0x10bd06270>: Failed to resolve 'api.bybit.com' ([Errno 8] nodename nor servname provided, or not known)"))
2026-02-01 10:56:59,380 - ERROR - Bybit API Error (15m): HTTPSConnectionPool(host='api.bybit.com', port=443): Max retries exceeded with url: /v5/market/kline?category=linear&interval=15&limit=250&symbol=1000PEPEUSDT (Caused by NameResolutionError("<urllib3.connection.HTTPSConnection object at 0x10bd04fe0>: Failed to resolve 'api.bybit.com' ([Errno 8] nodename nor servname provided, or not known)"))
2026-02-01 11:13:08,681 - ERROR - Bybit API Error (5m): HTTPSConnectionPool(host='api.bybit.com', port=443): Max retries exceeded with url: /v5/market/kline?category=linear&interval=5&limit=10&symbol=1000PEPEUSDT (Caused by NameResolutionError("<urllib3.connection.HTTPSConnection object at 0x10bd06c30>: Failed to resolve 'api.bybit.com' ([Errno 8] nodename nor servname provided, or not known)"))
2026-02-01 11:21:27,483 - ERROR - Bybit API Error (5m): HTTPSConnectionPool(host='api.bybit.com', port=443): Max retries exceeded with url: /v5/market/kline?category=linear&interval=5&limit=10&symbol=1000PEPEUSDT (Caused by NameResolutionError("<urllib3.connection.HTTPSConnection object at 0x10bd07770>: Failed to resolve 'api.bybit.com' ([Errno 8] nodename nor servname provided, or not known)"))
2026-02-01 11:55:15,167 - ERROR - Bybit API Error (5m): HTTPSConnectionPool(host='api.bybit.com', port=443): Max retries exceeded with url: /v5/market/kline?category=linear&interval=5&limit=10&symbol=1000PEPEUSDT (Caused by NameResolutionError("<urllib3.connection.HTTPSConnection object at 0x10bd07aa0>: Failed to resolve 'api.bybit.com' ([Errno 8] nodename nor servname provided, or not known)"))
2026-02-01 12:13:13,128 - ERROR - Bybit API Error (15m): HTTPSConnectionPool(host='api.bybit.com', port=443): Max retries exceeded with url: /v5/market/kline?category=linear&interval=15&limit=250&symbol=1000PEPEUSDT (Caused by NameResolutionError("<urllib3.connection.HTTPSConnection object at 0x10bd07dd0>: Failed to resolve 'api.bybit.com' ([Errno 8] nodename nor servname provided, or not known)"))
2026-02-01 12:19:45,754 - ERROR - Bybit API Error (5m): HTTPSConnectionPool(host='api.bybit.com', port=443): Max retries exceeded with url: /v5/market/kline?category=linear&interval=5&limit=10&symbol=1000PEPEUSDT (Caused by NameResolutionError("<urllib3.connection.HTTPSConnection object at 0x10b9e0140>: Failed to resolve 'api.bybit.com' ([Errno 8] nodename nor servname provided, or not known)"))
2026-02-01 12:22:27,417 - ERROR - Bybit API Error (5m): HTTPSConnectionPool(host='api.bybit.com', port=443): Max retries exceeded with url: /v5/market/kline?category=linear&interval=5&limit=10&symbol=1000PEPEUSDT (Caused by NameResolutionError("<urllib3.connection.HTTPSConnection object at 0x10b9e0470>: Failed to resolve 'api.bybit.com' ([Errno 8] nodename nor servname provided, or not known)"))
2026-02-01 12:39:03,485 - ERROR - Bybit API Error (5m): HTTPSConnectionPool(host='api.bybit.com', port=443): Max retries exceeded with url: /v5/market/kline?category=linear&interval=5&limit=10&symbol=1000PEPEUSDT (Caused by NameResolutionError("<urllib3.connection.HTTPSConnection object at 0x10b9e07a0>: Failed to resolve 'api.bybit.com' ([Errno 8] nodename nor servname provided, or not known)"))
2026-02-01 12:44:20,842 - ERROR - Bybit API Error (15m): HTTPSConnectionPool(host='api.bybit.com', port=443): Max retries exceeded with url: /v5/market/kline?category=linear&interval=15&limit=250&symbol=1000PEPEUSDT (Caused by NameResolutionError("<urllib3.connection.HTTPSConnection object at 0x10b9e0ad0>: Failed to resolve 'api.bybit.com' ([Errno 8] nodename nor servname provided, or not known)"))
2026-02-01 12:45:56,239 - ERROR - Bybit API Error (5m): HTTPSConnectionPool(host='api.bybit.com', port=443): Max retries exceeded with url: /v5/market/kline?category=linear&interval=5&limit=10&symbol=1000PEPEUSDT (Caused by NameResolutionError("<urllib3.connection.HTTPSConnection object at 0x10bd07f20>: Failed to resolve 'api.bybit.com' ([Errno 8] nodename nor servname provided, or not known)"))
2026-02-01 12:46:48,706 - ERROR - Bybit API Error (5m): HTTPSConnectionPool(host='api.bybit.com', port=443): Max retries exceeded with url: /v5/market/kline?category=linear&interval=5&limit=10&symbol=1000PEPEUSDT (Caused by NameResolutionError("<urllib3.connection.HTTPSConnection object at 0x10bd07a70>: Failed to resolve 'api.bybit.com' ([Errno 8] nodename nor servname provided, or not known)"))
2026-02-01 12:47:55,013 - ERROR - Bybit API Error (5m): HTTPSConnectionPool(host='api.bybit.com', port=443): Max retries exceeded with url: /v5/market/kline?category=linear&interval=5&limit=10&symbol=1000PEPEUSDT (Caused by NameResolutionError("<urllib3.connection.HTTPSConnection object at 0x10bd07740>: Failed to resolve 'api.bybit.com' ([Errno 8] nodename nor servname provided, or not known)"))
2026-02-01 12:48:42,318 - ERROR - Bybit API Error (15m): HTTPSConnectionPool(host='api.bybit.com', port=443): Max retries exceeded with url: /v5/market/kline?category=linear&interval=15&limit=250&symbol=1000PEPEUSDT (Caused by NameResolutionError("<urllib3.connection.HTTPSConnection object at 0x10bd04980>: Failed to resolve 'api.bybit.com' ([Errno 8] nodename nor servname provided, or not known)"))
2026-02-01 13:06:17,552 - ERROR - Bybit API Error (5m): HTTPSConnectionPool(host='api.bybit.com', port=443): Max retries exceeded with url: /v5/market/kline?category=linear&interval=5&limit=10&symbol=1000PEPEUSDT (Caused by NameResolutionError("<urllib3.connection.HTTPSConnection object at 0x10bd05010>: Failed to resolve 'api.bybit.com' ([Errno 8] nodename nor servname provided, or not known)"))
2026-02-01 13:23:24,142 - ERROR - Bybit API Error (5m): HTTPSConnectionPool(host='api.bybit.com', port=443): Max retries exceeded with url: /v5/market/kline?category=linear&interval=5&limit=10&symbol=1000PEPEUSDT (Caused by NameResolutionError("<urllib3.connection.HTTPSConnection object at 0x10bd04a10>: Failed to resolve 'api.bybit.com' ([Errno 8] nodename nor servname provided, or not known)"))
2026-02-01 13:39:38,087 - ERROR - Bybit API Error (5m): HTTPSConnectionPool(host='api.bybit.com', port=443): Max retries exceeded with url: /v5/market/kline?category=linear&interval=5&limit=10&symbol=1000PEPEUSDT (Caused by NameResolutionError("<urllib3.connection.HTTPSConnection object at 0x10bd061b0>: Failed to resolve 'api.bybit.com' ([Errno 8] nodename nor servname provided, or not known)"))
2026-02-01 13:56:51,980 - ERROR - Bybit API Error (15m): HTTPSConnectionPool(host='api.bybit.com', port=443): Max retries exceeded with url: /v5/market/kline?category=linear&interval=15&limit=250&symbol=1000PEPEUSDT (Caused by NameResolutionError("<urllib3.connection.HTTPSConnection object at 0x10bd06750>: Failed to resolve 'api.bybit.com' ([Errno 8] nodename nor servname provided, or not known)"))
2026-02-01 14:13:33,662 - ERROR - Bybit API Error (5m): HTTPSConnectionPool(host='api.bybit.com', port=443): Max retries exceeded with url: /v5/market/kline?category=linear&interval=5&limit=10&symbol=1000PEPEUSDT (Caused by NameResolutionError("<urllib3.connection.HTTPSConnection object at 0x10bd05ee0>: Failed to resolve 'api.bybit.com' ([Errno 8] nodename nor servname provided, or not known)"))
2026-02-01 14:16:16,256 - ERROR - Bybit API Error (5m): HTTPSConnectionPool(host='api.bybit.com', port=443): Max retries exceeded with url: /v5/market/kline?category=linear&interval=5&limit=10&symbol=1000PEPEUSDT (Caused by NameResolutionError("<urllib3.connection.HTTPSConnection object at 0x10bd07470>: Failed to resolve 'api.bybit.com' ([Errno 8] nodename nor servname provided, or not known)"))
2026-02-01 14:17:16,830 - ERROR - Bybit API Error (5m): HTTPSConnectionPool(host='api.bybit.com', port=443): Max retries exceeded with url: /v5/market/kline?category=linear&interval=5&limit=10&symbol=1000PEPEUSDT (Caused by NameResolutionError("<urllib3.connection.HTTPSConnection object at 0x10bd047d0>: Failed to resolve 'api.bybit.com' ([Errno 8] nodename nor servname provided, or not known)"))
2026-02-01 14:17:20,915 - ERROR - Bybit API Error (15m): HTTPSConnectionPool(host='api.bybit.com', port=443): Max retries exceeded with url: /v5/market/kline?category=linear&interval=15&limit=250&symbol=1000PEPEUSDT (Caused by NameResolutionError("<urllib3.connection.HTTPSConnection object at 0x10bd052b0>: Failed to resolve 'api.bybit.com' ([Errno 8] nodename nor servname provided, or not known)"))
2026-02-01 14:18:12,934 - ERROR - Bybit API Error (5m): HTTPSConnectionPool(host='api.bybit.com', port=443): Max retries exceeded with url: /v5/market/kline?category=linear&interval=5&limit=10&symbol=1000PEPEUSDT (Caused by NameResolutionError("<urllib3.connection.HTTPSConnection object at 0x10b996780>: Failed to resolve 'api.bybit.com' ([Errno 8] nodename nor servname provided, or not known)"))
2026-02-01 14:19:54,597 - ERROR - Bybit API Error (5m): HTTPSConnectionPool(host='api.bybit.com', port=443): Max retries exceeded with url: /v5/market/kline?category=linear&interval=5&limit=10&symbol=1000PEPEUSDT (Caused by NameResolutionError("<urllib3.connection.HTTPSConnection object at 0x10b9e0c50>: Failed to resolve 'api.bybit.com' ([Errno 8] nodename nor servname provided, or not known)"))
2026-02-01 14:20:49,681 - ERROR - Bybit API Error (5m): HTTPSConnectionPool(host='api.bybit.com', port=443): Max retries exceeded with url: /v5/market/kline?category=linear&interval=5&limit=10&symbol=1000PEPEUSDT (Caused by NameResolutionError("<urllib3.connection.HTTPSConnection object at 0x10b9e0710>: Failed to resolve 'api.bybit.com' ([Errno 8] nodename nor servname provided, or not known)"))
2026-02-01 14:20:53,737 - ERROR - Bybit API Error (15m): HTTPSConnectionPool(host='api.bybit.com', port=443): Max retries exceeded with url: /v5/market/kline?category=linear&interval=15&limit=250&symbol=1000PEPEUSDT (Caused by NameResolutionError("<urllib3.connection.HTTPSConnection object at 0x10b996780>: Failed to resolve 'api.bybit.com' ([Errno 8] nodename nor servname provided, or not known)"))
2026-02-01 14:24:24,538 - ERROR - Bybit API Error (5m): HTTPSConnectionPool(host='api.bybit.com', port=443): Max retries exceeded with url: /v5/market/kline?category=linear&interval=5&limit=10&symbol=1000PEPEUSDT (Caused by NameResolutionError("<urllib3.connection.HTTPSConnection object at 0x107d5fb30>: Failed to resolve 'api.bybit.com' ([Errno 8] nodename nor servname provided, or not known)"))
2026-02-01 14:59:11,212 - ERROR - Bybit API Error (5m): HTTPSConnectionPool(host='api.bybit.com', port=443): Max retries exceeded with url: /v5/market/kline?category=linear&interval=5&limit=10&symbol=1000PEPEUSDT (Caused by NameResolutionError("<urllib3.connection.HTTPSConnection object at 0x10bd070e0>: Failed to resolve 'api.bybit.com' ([Errno 8] nodename nor servname provided, or not known)"))
2026-02-01 15:15:11,008 - ERROR - Bybit API Error (5m): HTTPSConnectionPool(host='api.bybit.com', port=443): Max retries exceeded with url: /v5/market/kline?category=linear&interval=5&limit=10&symbol=1000PEPEUSDT (Caused by NameResolutionError("<urllib3.connection.HTTPSConnection object at 0x10bd06030>: Failed to resolve 'api.bybit.com' ([Errno 8] nodename nor servname provided, or not known)"))
2026-02-01 15:25:25,830 - ERROR - Bybit API Error (15m): HTTPSConnectionPool(host='api.bybit.com', port=443): Max retries exceeded with url: /v5/market/kline?category=linear&interval=15&limit=250&symbol=1000PEPEUSDT (Caused by NameResolutionError("<urllib3.connection.HTTPSConnection object at 0x10bd051c0>: Failed to resolve 'api.bybit.com' ([Errno 8] nodename nor servname provided, or not known)"))
2026-02-01 15:42:09,707 - ERROR - Bybit API Error (5m): HTTPSConnectionPool(host='api.bybit.com', port=443): Max retries exceeded with url: /v5/market/kline?category=linear&interval=5&limit=10&symbol=1000PEPEUSDT (Caused by NameResolutionError("<urllib3.connection.HTTPSConnection object at 0x10bd05b80>: Failed to resolve 'api.bybit.com' ([Errno 8] nodename nor servname provided, or not known)"))
2026-02-01 16:08:03,427 - ERROR - Bybit API Error (5m): HTTPSConnectionPool(host='api.bybit.com', port=443): Max retries exceeded with url: /v5/market/kline?category=linear&interval=5&limit=10&symbol=1000PEPEUSDT (Caused by NameResolutionError("<urllib3.connection.HTTPSConnection object at 0x10bd06930>: Failed to resolve 'api.bybit.com' ([Errno 8] nodename nor servname provided, or not known)"))
2026-02-01 16:26:22,012 - ERROR - Bybit API Error (5m): HTTPSConnectionPool(host='api.bybit.com', port=443): Max retries exceeded with url: /v5/market/kline?category=linear&interval=5&limit=10&symbol=1000PEPEUSDT (Caused by NameResolutionError("<urllib3.connection.HTTPSConnection object at 0x10bd059d0>: Failed to resolve 'api.bybit.com' ([Errno 8] nodename nor servname provided, or not known)"))
2026-02-01 16:26:26,048 - ERROR - Bybit API Error (15m): HTTPSConnectionPool(host='api.bybit.com', port=443): Max retries exceeded with url: /v5/market/kline?category=linear&interval=15&limit=250&symbol=1000PEPEUSDT (Caused by NameResolutionError("<urllib3.connection.HTTPSConnection object at 0x10bd049b0>: Failed to resolve 'api.bybit.com' ([Errno 8] nodename nor servname provided, or not known)"))
2026-02-01 16:31:25,237 - ERROR - Bybit API Error (5m): HTTPSConnectionPool(host='api.bybit.com', port=443): Max retries exceeded with url: /v5/market/kline?category=linear&interval=5&limit=10&symbol=1000PEPEUSDT (Caused by NameResolutionError("<urllib3.connection.HTTPSConnection object at 0x10b9961b0>: Failed to resolve 'api.bybit.com' ([Errno 8] nodename nor servname provided, or not known)"))
2026-02-01 16:32:16,614 - ERROR - Bybit API Error (5m): HTTPSConnectionPool(host='api.bybit.com', port=443): Max retries exceeded with url: /v5/market/kline?category=linear&interval=5&limit=10&symbol=1000PEPEUSDT (Caused by NameResolutionError("<urllib3.connection.HTTPSConnection object at 0x10bd06c30>: Failed to resolve 'api.bybit.com' ([Errno 8] nodename nor servname provided, or not known)"))
2026-02-01 18:21:29,200 - ERROR - Bybit API Error (5m): ('Connection aborted.', RemoteDisconnected('Remote end closed connection without response'))
2026-02-01 19:22:39,881 - ERROR - Bybit API Error (5m): HTTPSConnectionPool(host='api.bybit.com', port=443): Read timed out. (read timeout=10)
2026-02-01 19:56:31,633 - ERROR - Too many visits. Exceeded the API Rate Limit. (ErrCode: 10006). Hit the API rate limit. Sleeping, then trying again. Request: https://api.bybit.com/v5/market/kline
2026-02-01 19:56:31,635 - ERROR - Bybit API Error (5m): 'x-bapi-limit-reset-timestamp'
2026-02-01 19:56:41,737 - ERROR - Too many visits. Exceeded the API Rate Limit. (ErrCode: 10006). Hit the API rate limit. Sleeping, then trying again. Request: https://api.bybit.com/v5/market/kline
2026-02-01 19:56:41,737 - ERROR - Bybit API Error (5m): 'x-bapi-limit-reset-timestamp'
2026-02-01 20:08:04,380 - ERROR - Bybit API Error (5m): HTTPSConnectionPool(host='api.bybit.com', port=443): Read timed out. (read timeout=10)
2026-02-02 12:30:20,793 - INFO - 15m Signal: SELL
2026-02-02 14:30:31,805 - INFO - 15m Signal: SELL
2026-02-02 17:12:45,399 - ERROR - Too many visits. Exceeded the API Rate Limit. (ErrCode: 10006). Hit the API rate limit. Sleeping, then trying again. Request: https://api.bybit.com/v5/market/kline
2026-02-02 17:12:45,401 - ERROR - Bybit API Error (15m): 'x-bapi-limit-reset-timestamp'
2026-02-02 23:15:46,785 - INFO - 15m Signal: BUY
2026-02-03 18:41:21,480 - ERROR - Too many visits. Exceeded the API Rate Limit. (ErrCode: 10006). Hit the API rate limit. Sleeping, then trying again. Request: https://api.bybit.com/v5/market/kline
2026-02-03 18:41:21,482 - ERROR - Bybit API Error (15m): 'x-bapi-limit-reset-timestamp'
2026-02-03 18:41:47,890 - ERROR - Too many visits. Exceeded the API Rate Limit. (ErrCode: 10006). Hit the API rate limit. Sleeping, then trying again. Request: https://api.bybit.com/v5/market/kline
2026-02-03 18:41:47,891 - ERROR - Bybit API Error (5m): 'x-bapi-limit-reset-timestamp'
2026-02-03 18:41:51,586 - ERROR - Too many visits. Exceeded the API Rate Limit. (ErrCode: 10006). Hit the API rate limit. Sleeping, then trying again. Request: https://api.bybit.com/v5/market/kline
2026-02-03 18:41:51,586 - ERROR - Bybit API Error (15m): 'x-bapi-limit-reset-timestamp'
2026-02-03 23:46:49,619 - INFO - 15m Signal: BUY
2026-02-04 04:15:13,458 - INFO - 15m Signal: SELL
2026-02-04 07:00:11,431 - ERROR - Too many visits. Exceeded the API Rate Limit. (ErrCode: 10006). Hit the API rate limit. Sleeping, then trying again. Request: https://api.bybit.com/v5/market/kline
2026-02-04 07:00:11,432 - ERROR - Bybit API Error (5m): 'x-bapi-limit-reset-timestamp'
2026-02-04 07:31:31,160 - INFO - 15m Signal: BUY
2026-02-04 15:16:11,226 - INFO - 15m Signal: BUY
2026-02-04 19:20:50,088 - ERROR - Too many visits. Exceeded the API Rate Limit. (ErrCode: 10006). Hit the API rate limit. Sleeping, then trying again. Request: https://api.bybit.com/v5/market/kline
2026-02-04 19:20:50,091 - ERROR - Bybit API Error (5m): 'x-bapi-limit-reset-timestamp'
2026-02-04 19:26:01,644 - ERROR - Too many visits. Exceeded the API Rate Limit. (ErrCode: 10006). Hit the API rate limit. Sleeping, then trying again. Request: https://api.bybit.com/v5/market/kline
2026-02-04 19:26:01,646 - ERROR - Bybit API Error (5m): 'x-bapi-limit-reset-timestamp'
2026-02-04 22:16:47,669 - INFO - 15m Signal: SELL
2026-02-04 22:30:49,348 - INFO - 15m Signal: SELL
2026-02-05 01:00:10,336 - ERROR - Too many visits. Exceeded the API Rate Limit. (ErrCode: 10006). Hit the API rate limit. Sleeping, then trying again. Request: https://api.bybit.com/v5/market/kline
2026-02-05 01:00:10,338 - ERROR - Bybit API Error (5m): 'x-bapi-limit-reset-timestamp'
2026-02-05 06:01:30,154 - INFO - 15m Signal: BUY
2026-02-05 06:15:31,733 - INFO - 15m Signal: BUY
2026-02-05 10:31:55,834 - INFO - 15m Signal: SELL
2026-02-05 17:30:32,981 - INFO - 15m Signal: SELL
2026-02-05 17:48:29,018 - ERROR - Too many visits. Exceeded the API Rate Limit. (ErrCode: 10006). Hit the API rate limit. Sleeping, then trying again. Request: https://api.bybit.com/v5/market/kline
2026-02-05 17:48:29,020 - ERROR - Bybit API Error (5m): 'x-bapi-limit-reset-timestamp'
2026-02-05 17:49:09,228 - ERROR - Too many visits. Exceeded the API Rate Limit. (ErrCode: 10006). Hit the API rate limit. Sleeping, then trying again. Request: https://api.bybit.com/v5/market/kline
2026-02-05 17:49:09,228 - ERROR - Bybit API Error (5m): 'x-bapi-limit-reset-timestamp'
2026-02-05 17:49:19,335 - ERROR - Too many visits. Exceeded the API Rate Limit. (ErrCode: 10006). Hit the API rate limit. Sleeping, then trying again. Request: https://api.bybit.com/v5/market/kline
2026-02-05 17:49:19,335 - ERROR - Bybit API Error (5m): 'x-bapi-limit-reset-timestamp'
2026-02-05 17:49:29,438 - ERROR - Too many visits. Exceeded the API Rate Limit. (ErrCode: 10006). Hit the API rate limit. Sleeping, then trying again. Request: https://api.bybit.com/v5/market/kline
2026-02-05 17:49:29,439 - ERROR - Bybit API Error (5m): 'x-bapi-limit-reset-timestamp'
2026-02-05 17:49:39,544 - ERROR - Too many visits. Exceeded the API Rate Limit. (ErrCode: 10006). Hit the API rate limit. Sleeping, then trying again. Request: https://api.bybit.com/v5/market/kline
2026-02-05 17:49:39,545 - ERROR - Bybit API Error (5m): 'x-bapi-limit-reset-timestamp'
2026-02-05 17:50:19,785 - ERROR - Too many visits. Exceeded the API Rate Limit. (ErrCode: 10006). Hit the API rate limit. Sleeping, then trying again. Request: https://api.bybit.com/v5/market/kline
2026-02-05 17:50:19,785 - ERROR - Bybit API Error (5m): 'x-bapi-limit-reset-timestamp'
