2025-10-29 21:31:28,268 - INFO - 
--- Walk-Forward Cycle: Training Period 2020-03-30 to 2022-03-30 ---
2025-10-29 22:33:55,397 - INFO - 
--- Walk-Forward Cycle: Training Period 2020-03-30 to 2022-03-30 ---
2025-10-29 23:42:54,400 - INFO - 
--- Walk-Forward Cycle: Training Period 2020-03-30 to 2022-03-30 ---
2025-11-16 09:49:40,693 - INFO - 
--- Walk-Forward Cycle: Training Period 2020-03-30 to 2022-03-30 ---
2025-11-16 09:53:57,483 - INFO - Best parameters for training period: {'buy_vol_mult': np.float64(1.9999999999999998), 'buy_body_ratio': np.float64(0.2), 'sell_vol_mult': np.float64(2.1999999999999997), 'sell_body_ratio': np.float64(0.2)} with profit: 3,968.67 USDT
2025-11-16 09:53:57,686 - INFO - --- Out-of-Sample Test Period 2022-03-30 to 2022-09-30 ---
2025-11-16 09:53:57,686 - INFO - Profit: -229.13 USDT (-34.37%)
2025-11-16 09:53:57,686 - INFO - 
--- Walk-Forward Cycle: Training Period 2022-09-30 to 2024-09-30 ---
2025-11-16 09:58:13,349 - INFO - Best parameters for training period: {'buy_vol_mult': np.float64(1.4), 'buy_body_ratio': np.float64(0.6000000000000001), 'sell_vol_mult': np.float64(1.5999999999999999), 'sell_body_ratio': np.float64(0.6000000000000001)} with profit: 3,418.99 USDT
2025-11-16 09:58:13,545 - INFO - --- Out-of-Sample Test Period 2024-09-30 to 2025-03-30 ---
2025-11-16 09:58:13,545 - INFO - Profit: 14,391.06 USDT (2,158.66%)
2025-11-16 09:58:13,546 - INFO - 
=========================================
2025-11-16 09:58:13,546 - INFO - Walk-Forward Optimization Summary
2025-11-16 09:58:13,546 - INFO - =========================================
2025-11-16 09:58:13,546 - INFO - Total Out-of-Sample Profit (USDT): 14,161.93
2025-11-16 09:58:13,546 - INFO - Total Out-of-Sample Returns (%): 2,124.29
2025-11-16 09:58:13,548 - INFO - Detailed walk-forward results saved to omen_bot/data/walk_forward_optimization_results.csv
