2025-11-30 09:01:32,232 - INFO - --- Starting Exit Strategy Optimization for MOVE_THRESHOLD_PCT: 3.00% ---
2025-11-30 09:01:32,232 - INFO - TP Range: ['5.00%', '10.00%', '15.00%', '20.00%', '25.00%']
2025-11-30 09:01:32,232 - INFO - SL Range: ['-3.00%', '-5.00%', '-7.00%', '-10.00%', '-12.00%', '-15.00%']
2025-11-30 09:01:32,369 - INFO - Data filtered up to 2024-11-15.
2025-11-30 09:01:32,405 - INFO - Data loaded. Analyzing 162574 candles.
2025-11-30 09:01:36,328 - INFO - Found 478 precursor signals for optimization.
2025-11-30 09:01:40,644 - INFO - 
--- Optimization Results Summary ---
2025-11-30 09:01:40,644 - INFO - TP (%) | SL (%) | Num Trades | Total PnL (%) | Expected Value per Trade (%)
2025-11-30 09:01:40,644 - INFO - --------------------------------------------------------------------------------
2025-11-30 09:01:40,644 - INFO - 5.00   | -12.00   | 478        | 1463.15      | 3.06
2025-11-30 09:01:40,644 - INFO - 5.00   | -15.00   | 478        | 1463.15      | 3.06
2025-11-30 09:01:40,644 - INFO - 5.00   | -10.00   | 478        | 1462.08      | 3.06
2025-11-30 09:01:40,644 - INFO - 5.00   | -7.00   | 478        | 1445.06      | 3.02
2025-11-30 09:01:40,644 - INFO - 5.00   | -5.00   | 478        | 1442.93      | 3.02
2025-11-30 09:01:40,644 - INFO - 5.00   | -3.00   | 478        | 1437.60      | 3.01
2025-11-30 09:01:40,644 - INFO - 10.00   | -12.00   | 478        | 1336.56      | 2.80
2025-11-30 09:01:40,644 - INFO - 10.00   | -15.00   | 478        | 1336.56      | 2.80
2025-11-30 09:01:40,644 - INFO - 10.00   | -10.00   | 478        | 1335.49      | 2.79
2025-11-30 09:01:40,644 - INFO - 10.00   | -7.00   | 478        | 1316.13      | 2.75
2025-11-30 09:01:40,644 - INFO - 10.00   | -5.00   | 478        | 1314.04      | 2.75
2025-11-30 09:01:40,644 - INFO - 10.00   | -3.00   | 478        | 1307.07      | 2.73
2025-11-30 09:01:40,644 - INFO - 15.00   | -12.00   | 478        | 1262.86      | 2.64
2025-11-30 09:01:40,644 - INFO - 15.00   | -15.00   | 478        | 1262.86      | 2.64
2025-11-30 09:01:40,644 - INFO - 25.00   | -12.00   | 478        | 1262.28      | 2.64
2025-11-30 09:01:40,644 - INFO - 25.00   | -15.00   | 478        | 1262.28      | 2.64
2025-11-30 09:01:40,644 - INFO - 15.00   | -10.00   | 478        | 1261.79      | 2.64
2025-11-30 09:01:40,644 - INFO - 25.00   | -10.00   | 478        | 1261.21      | 2.64
2025-11-30 09:01:40,644 - INFO - 20.00   | -12.00   | 478        | 1257.28      | 2.63
2025-11-30 09:01:40,644 - INFO - 20.00   | -15.00   | 478        | 1257.28      | 2.63
2025-11-30 09:01:40,644 - INFO - 20.00   | -10.00   | 478        | 1256.21      | 2.63
2025-11-30 09:01:40,644 - INFO - 15.00   | -7.00   | 478        | 1242.43      | 2.60
2025-11-30 09:01:40,644 - INFO - 25.00   | -7.00   | 478        | 1241.85      | 2.60
2025-11-30 09:01:40,644 - INFO - 15.00   | -5.00   | 478        | 1240.34      | 2.59
2025-11-30 09:01:40,644 - INFO - 25.00   | -5.00   | 478        | 1239.76      | 2.59
2025-11-30 09:01:40,645 - INFO - 20.00   | -7.00   | 478        | 1236.85      | 2.59
2025-11-30 09:01:40,645 - INFO - 20.00   | -5.00   | 478        | 1234.76      | 2.58
2025-11-30 09:01:40,645 - INFO - 15.00   | -3.00   | 478        | 1233.37      | 2.58
2025-11-30 09:01:40,645 - INFO - 25.00   | -3.00   | 478        | 1232.79      | 2.58
2025-11-30 09:01:40,645 - INFO - 20.00   | -3.00   | 478        | 1227.79      | 2.57
2025-11-30 09:01:40,645 - INFO - 
Best TP: 5.00% | Best SL: -12.00% | Best Expected Value per Trade: 3.06%
